{
  "RSpec": {
    "coverage": {
      "/Users/Jeremyrrsmith/Coding-Projects/Training_Exercises/bowling_scorecard/spec/features_spec.rb": [
        1,
        1,
        null,
        1,
        1,
        1,
        1,
        1,
        null,
        null,
        1,
        1,
        1,
        1,
        1,
        1,
        null,
        null
      ],
      "/Users/Jeremyrrsmith/Coding-Projects/Training_Exercises/bowling_scorecard/lib/Game.rb": [
        null,
        1,
        1,
        null,
        1,
        22,
        null,
        22,
        22,
        22,
        22,
        22,
        null,
        null,
        1,
        6,
        null,
        null,
        1,
        2,
        null,
        null,
        1,
        11,
        11,
        11,
        11,
        110,
        9,
        9,
        9,
        101,
        3,
        3,
        3,
        null,
        98,
        null,
        null,
        11,
        11,
        11,
        null,
        null,
        1,
        112,
        null,
        null,
        1,
        103,
        103,
        null,
        null,
        1,
        163,
        163,
        163,
        163,
        83,
        83,
        null,
        null,
        null,
        1,
        1,
        null,
        null,
        1,
        0,
        null,
        null,
        null,
        1,
        9,
        9,
        null,
        9,
        9,
        null,
        9,
        4,
        4,
        null,
        9,
        null,
        null,
        1,
        3,
        null,
        null,
        1,
        null,
        1,
        1,
        null,
        null
      ],
      "/Users/Jeremyrrsmith/Coding-Projects/Training_Exercises/bowling_scorecard/spec/frame_spec.rb": [
        1,
        1,
        null
      ],
      "/Users/Jeremyrrsmith/Coding-Projects/Training_Exercises/bowling_scorecard/spec/game_spec.rb": [
        1,
        1,
        null,
        1,
        1,
        1,
        1,
        1,
        1,
        null,
        null,
        null,
        1,
        1,
        1,
        1,
        1,
        null,
        null,
        1,
        1,
        1,
        1,
        1,
        null,
        null,
        null,
        1,
        1,
        1,
        21,
        1,
        null,
        null,
        1,
        1,
        1,
        null,
        null,
        null,
        1,
        1,
        1,
        1,
        1,
        null,
        null,
        1,
        1,
        1,
        1,
        null,
        null,
        null,
        1,
        1,
        1,
        1,
        1,
        1,
        null,
        null,
        1,
        1,
        1,
        1,
        1,
        null,
        null,
        null,
        1,
        1,
        1,
        1,
        1,
        1,
        1,
        null,
        null,
        1,
        1,
        1,
        1,
        1,
        1,
        null,
        null,
        1,
        1,
        5,
        1,
        1,
        1,
        1,
        null,
        null,
        null,
        1,
        1,
        1,
        1,
        1,
        1,
        1,
        1,
        null,
        null,
        1,
        1,
        1,
        1,
        17,
        1,
        null,
        null,
        1,
        1,
        1,
        1,
        1,
        15,
        1,
        null,
        null,
        1,
        1,
        1,
        1,
        1,
        1,
        1,
        15,
        1,
        null,
        null,
        1,
        1,
        1,
        1,
        1,
        1,
        15,
        1,
        null,
        null,
        null,
        1,
        1,
        1,
        21,
        1,
        null,
        null,
        1,
        1,
        21,
        1,
        null,
        null,
        null,
        1,
        1,
        1,
        1,
        null,
        null,
        null
      ]
    },
    "timestamp": 1562419407
  }
}
