{
  "RSpec": {
    "coverage": {
      "/Users/Jeremyrrsmith/Coding-Projects/Training_Exercises/cleo-tech-test-vending-machine/spec/feature_spec.rb": [
        1,
        1,
        1,
        null,
        1,
        6,
        null,
        3,
        null,
        1,
        null,
        1,
        1,
        1,
        1,
        1,
        null,
        null,
        1,
        1,
        1,
        1,
        1,
        null,
        null,
        1,
        1,
        1,
        1,
        1,
        null,
        null,
        1,
        1,
        1,
        null,
        null,
        1,
        1,
        1,
        1,
        1,
        1,
        1,
        1,
        1,
        1,
        1,
        1,
        null,
        null
      ],
      "/Users/Jeremyrrsmith/Coding-Projects/Training_Exercises/cleo-tech-test-vending-machine/lib/vending_machine.rb": [
        null,
        null,
        1,
        1,
        null,
        1,
        31,
        31,
        31,
        null,
        null,
        1,
        5,
        1,
        null,
        4,
        5,
        3,
        3,
        3,
        3,
        2,
        2,
        0,
        2,
        1,
        null,
        null,
        null,
        null,
        null,
        1,
        3,
        3,
        24,
        9,
        null,
        9,
        9,
        null,
        null,
        null,
        null,
        1,
        3,
        3,
        2,
        16,
        3,
        null,
        null,
        null,
        null,
        1,
        5,
        5,
        null,
        null,
        null,
        1,
        13,
        13,
        104,
        33,
        33,
        null,
        null,
        13,
        null,
        null,
        1,
        18,
        144,
        18,
        null,
        null,
        null,
        null,
        1,
        21,
        168,
        21,
        null,
        null,
        null,
        null,
        null,
        1,
        75,
        null,
        9,
        null,
        8,
        null,
        8,
        null,
        17,
        null,
        8,
        null,
        11,
        null,
        9,
        null,
        5,
        null,
        null,
        null,
        1,
        15,
        44,
        null,
        null,
        null,
        1,
        2,
        2,
        16,
        2,
        null,
        null,
        null,
        null,
        1,
        3,
        null,
        null,
        1,
        3,
        3,
        3,
        4,
        4,
        null,
        null,
        null,
        null,
        1,
        6,
        6,
        28,
        18,
        null,
        null,
        6,
        null,
        null,
        1,
        null,
        1,
        3,
        null,
        null,
        1,
        5,
        null,
        null
      ],
      "/Users/Jeremyrrsmith/Coding-Projects/Training_Exercises/cleo-tech-test-vending-machine/lib/product.rb": [
        null,
        1,
        1,
        null,
        1,
        0,
        0,
        null,
        null
      ],
      "/Users/Jeremyrrsmith/Coding-Projects/Training_Exercises/cleo-tech-test-vending-machine/spec/product_spec.rb": [
        null,
        1,
        null,
        null,
        1,
        1,
        null,
        1,
        1,
        null,
        null
      ],
      "/Users/Jeremyrrsmith/Coding-Projects/Training_Exercises/cleo-tech-test-vending-machine/lib/Product.rb": [
        null,
        1,
        1,
        null,
        1,
        2,
        2,
        null,
        null
      ],
      "/Users/Jeremyrrsmith/Coding-Projects/Training_Exercises/cleo-tech-test-vending-machine/spec/vending_machine_spec.rb": [
        1,
        1,
        1,
        null,
        1,
        27,
        null,
        5,
        null,
        null,
        null,
        11,
        null,
        null,
        null,
        1,
        1,
        1,
        null,
        null,
        1,
        1,
        1,
        null,
        null,
        null,
        1,
        1,
        1,
        null,
        null,
        1,
        1,
        1,
        null,
        null,
        1,
        1,
        1,
        1,
        1,
        null,
        null,
        null,
        1,
        1,
        1,
        null,
        null,
        1,
        1,
        1,
        null,
        null,
        1,
        1,
        1,
        1,
        null,
        null,
        null,
        1,
        1,
        1,
        1,
        1,
        null,
        null,
        1,
        1,
        1,
        1,
        null,
        null,
        null,
        1,
        1,
        1,
        null,
        null,
        1,
        1,
        1,
        1,
        1,
        null,
        null,
        1,
        1,
        1,
        1,
        1,
        1,
        1,
        null,
        null,
        null,
        1,
        1,
        1,
        1,
        null,
        null,
        1,
        1,
        1,
        null,
        null,
        1,
        1,
        1,
        1,
        1,
        1,
        1,
        1,
        1,
        1,
        null,
        null,
        null,
        1,
        1,
        1,
        null,
        null,
        1,
        1,
        1,
        null,
        null,
        1,
        1,
        1,
        1,
        1,
        1,
        1,
        1,
        1,
        1,
        null,
        null,
        null,
        1,
        1,
        1,
        null,
        null,
        1,
        1,
        1,
        null,
        null,
        1,
        1,
        1,
        1,
        null,
        null,
        null,
        1,
        1,
        1,
        null,
        null,
        1,
        1,
        1,
        null,
        null,
        null,
        1,
        1,
        1,
        1,
        1,
        1,
        1,
        null,
        null,
        1,
        1,
        1,
        1,
        1,
        1,
        null,
        null,
        null
      ]
    },
    "timestamp": 1568212900
  }
}
